[2024-10-21 19:04:34,162: INFO: main: >>>>>>>> stage Data Ingestion Pipeline started<<<<<]
[2024-10-21 19:04:34,163: INFO: common: yaml file: config/config.yaml loaded successfully]
[2024-10-21 19:04:34,166: INFO: common: yaml file: params.yaml loaded successfully]
[2024-10-21 19:04:34,166: INFO: common: yaml file: schema.yaml loaded successfully]
[2024-10-21 19:04:34,166: INFO: common: created directory at: artifacts]
[2024-10-21 19:04:34,166: INFO: common: created directory at: artifacts/data_ingestion]
[2024-10-21 19:04:34,718: INFO: data_ingestion: artifacts/data_ingestion/data.zip download! with following info: 
Connection: close
Content-Length: 23329
Cache-Control: max-age=300
Content-Security-Policy: default-src 'none'; style-src 'unsafe-inline'; sandbox
Content-Type: application/zip
ETag: "c69888a4ae59bc5a893392785a938ccd4937981c06ba8a9d6a21aa52b4ab5b6e"
Strict-Transport-Security: max-age=31536000
X-Content-Type-Options: nosniff
X-Frame-Options: deny
X-XSS-Protection: 1; mode=block
X-GitHub-Request-Id: 2D5B:351B72:365D38:3B09A7:6716DE02
Accept-Ranges: bytes
Date: Mon, 21 Oct 2024 23:04:34 GMT
Via: 1.1 varnish
X-Served-By: cache-lga21923-LGA
X-Cache: MISS
X-Cache-Hits: 0
X-Timer: S1729551875.630388,VS0,VE96
Vary: Authorization,Accept-Encoding,Origin
Access-Control-Allow-Origin: *
Cross-Origin-Resource-Policy: cross-origin
X-Fastly-Request-ID: d9ad9dc497addf4dfb24c95a307f7e1869d17841
Expires: Mon, 21 Oct 2024 23:09:34 GMT
Source-Age: 0

]
[2024-10-21 19:04:34,721: INFO: main: >>>>>>>> stage Data Ingestion Pipeline finished<<<<<

x======x]
[2024-10-22 20:19:56,630: INFO: main: >>>>>>>> Stage: Data Ingestion STAGE started<<<<<]
[2024-10-22 20:19:56,632: INFO: common: yaml file: config/config.yaml loaded successfully]
[2024-10-22 20:19:56,632: INFO: common: yaml file: params.yaml loaded successfully]
[2024-10-22 20:19:56,634: INFO: common: yaml file: schema.yaml loaded successfully]
[2024-10-22 20:19:56,634: INFO: common: created directory at: artifacts]
[2024-10-22 20:19:56,634: INFO: common: created directory at: artifacts/data_ingestion]
[2024-10-22 20:19:56,634: INFO: data_ingestion: File already exists]
[2024-10-22 20:19:56,638: INFO: main: >>>>>>>> Stage: Data Ingestion STAGE finished<<<<<

x======x]
[2024-10-22 20:19:56,638: INFO: main: >>>>>>>> Stage: Data Validation STAGE started<<<<<]
[2024-10-22 20:19:56,639: INFO: common: yaml file: config/config.yaml loaded successfully]
[2024-10-22 20:19:56,640: INFO: common: yaml file: params.yaml loaded successfully]
[2024-10-22 20:19:56,641: INFO: common: yaml file: schema.yaml loaded successfully]
[2024-10-22 20:19:56,641: INFO: common: created directory at: artifacts]
[2024-10-22 20:19:56,641: INFO: common: created directory at: artifacts/data_validation]
[2024-10-22 20:19:56,642: ERROR: main: name 'pd' is not defined]
Traceback (most recent call last):
  File "/Users/priyank/Desktop/Job-Resume/Interview-Preparation/MLOPs/DataScienceFullStack/main.py", line 21, in <module>
    obj.initiate_data_validation_run()
  File "/Users/priyank/Desktop/Job-Resume/Interview-Preparation/MLOPs/DataScienceFullStack/src/datascienceFullStackProject/pipeline/data_validation_pipeline.py", line 19, in initiate_data_validation_run
    data_validation.validate_all_columns()
  File "/Users/priyank/Desktop/Job-Resume/Interview-Preparation/MLOPs/DataScienceFullStack/src/datascienceFullStackProject/components/data_validation.py", line 31, in validate_all_columns
    raise e
  File "/Users/priyank/Desktop/Job-Resume/Interview-Preparation/MLOPs/DataScienceFullStack/src/datascienceFullStackProject/components/data_validation.py", line 13, in validate_all_columns
    data = pd.read_csv(self.config.unzip_data_dir)
NameError: name 'pd' is not defined
[2024-10-22 20:23:24,113: INFO: main: >>>>>>>> Stage: Data Ingestion STAGE started<<<<<]
[2024-10-22 20:23:24,115: INFO: common: yaml file: config/config.yaml loaded successfully]
[2024-10-22 20:23:24,117: INFO: common: yaml file: params.yaml loaded successfully]
[2024-10-22 20:23:24,119: INFO: common: yaml file: schema.yaml loaded successfully]
[2024-10-22 20:23:24,119: INFO: common: created directory at: artifacts]
[2024-10-22 20:23:24,119: INFO: common: created directory at: artifacts/data_ingestion]
[2024-10-22 20:23:24,120: INFO: data_ingestion: File already exists]
[2024-10-22 20:23:24,122: INFO: main: >>>>>>>> Stage: Data Ingestion STAGE finished<<<<<

x======x]
[2024-10-22 20:23:24,122: INFO: main: >>>>>>>> Stage: Data Validation STAGE started<<<<<]
[2024-10-22 20:23:24,123: INFO: common: yaml file: config/config.yaml loaded successfully]
[2024-10-22 20:23:24,124: INFO: common: yaml file: params.yaml loaded successfully]
[2024-10-22 20:23:24,125: INFO: common: yaml file: schema.yaml loaded successfully]
[2024-10-22 20:23:24,125: INFO: common: created directory at: artifacts]
[2024-10-22 20:23:24,125: INFO: common: created directory at: artifacts/data_validation]
[2024-10-22 20:23:24,126: ERROR: main: [Errno 2] No such file or directory: 'artifacts/data_validation/winequality-red.csv']
Traceback (most recent call last):
  File "/Users/priyank/Desktop/Job-Resume/Interview-Preparation/MLOPs/DataScienceFullStack/main.py", line 21, in <module>
    obj.initiate_data_validation_run()
  File "/Users/priyank/Desktop/Job-Resume/Interview-Preparation/MLOPs/DataScienceFullStack/src/datascienceFullStackProject/pipeline/data_validation_pipeline.py", line 19, in initiate_data_validation_run
    data_validation.validate_all_columns()
  File "/Users/priyank/Desktop/Job-Resume/Interview-Preparation/MLOPs/DataScienceFullStack/src/datascienceFullStackProject/components/data_validation.py", line 32, in validate_all_columns
    raise e
  File "/Users/priyank/Desktop/Job-Resume/Interview-Preparation/MLOPs/DataScienceFullStack/src/datascienceFullStackProject/components/data_validation.py", line 14, in validate_all_columns
    data = pd.read_csv(self.config.unzip_data_dir)
  File "/Users/priyank/Desktop/Job-Resume/Interview-Preparation/MLOPs/DataScienceFullStack/env/lib/python3.10/site-packages/pandas/io/parsers/readers.py", line 1026, in read_csv
    return _read(filepath_or_buffer, kwds)
  File "/Users/priyank/Desktop/Job-Resume/Interview-Preparation/MLOPs/DataScienceFullStack/env/lib/python3.10/site-packages/pandas/io/parsers/readers.py", line 620, in _read
    parser = TextFileReader(filepath_or_buffer, **kwds)
  File "/Users/priyank/Desktop/Job-Resume/Interview-Preparation/MLOPs/DataScienceFullStack/env/lib/python3.10/site-packages/pandas/io/parsers/readers.py", line 1620, in __init__
    self._engine = self._make_engine(f, self.engine)
  File "/Users/priyank/Desktop/Job-Resume/Interview-Preparation/MLOPs/DataScienceFullStack/env/lib/python3.10/site-packages/pandas/io/parsers/readers.py", line 1880, in _make_engine
    self.handles = get_handle(
  File "/Users/priyank/Desktop/Job-Resume/Interview-Preparation/MLOPs/DataScienceFullStack/env/lib/python3.10/site-packages/pandas/io/common.py", line 873, in get_handle
    handle = open(
FileNotFoundError: [Errno 2] No such file or directory: 'artifacts/data_validation/winequality-red.csv'
[2024-10-22 20:24:22,129: INFO: main: >>>>>>>> Stage: Data Ingestion STAGE started<<<<<]
[2024-10-22 20:24:22,131: INFO: common: yaml file: config/config.yaml loaded successfully]
[2024-10-22 20:24:22,134: INFO: common: yaml file: params.yaml loaded successfully]
[2024-10-22 20:24:22,135: INFO: common: yaml file: schema.yaml loaded successfully]
[2024-10-22 20:24:22,137: INFO: common: created directory at: artifacts]
[2024-10-22 20:24:22,137: INFO: common: created directory at: artifacts/data_ingestion]
[2024-10-22 20:24:22,137: INFO: data_ingestion: File already exists]
[2024-10-22 20:24:22,139: INFO: main: >>>>>>>> Stage: Data Ingestion STAGE finished<<<<<

x======x]
[2024-10-22 20:24:22,140: INFO: main: >>>>>>>> Stage: Data Validation STAGE started<<<<<]
[2024-10-22 20:24:22,141: INFO: common: yaml file: config/config.yaml loaded successfully]
[2024-10-22 20:24:22,141: INFO: common: yaml file: params.yaml loaded successfully]
[2024-10-22 20:24:22,142: INFO: common: yaml file: schema.yaml loaded successfully]
[2024-10-22 20:24:22,143: INFO: common: created directory at: artifacts]
[2024-10-22 20:24:22,143: INFO: common: created directory at: artifacts/data_validation]
[2024-10-22 20:24:22,154: INFO: main: >>>>>>>> Stage: Data Validation STAGE finished<<<<<

x======x]
[2024-10-23 09:00:44,322: INFO: main: >>>>>>>> Stage: Data Ingestion STAGE started<<<<<]
[2024-10-23 09:00:44,325: INFO: common: yaml file: config/config.yaml loaded successfully]
[2024-10-23 09:00:44,326: INFO: common: yaml file: params.yaml loaded successfully]
[2024-10-23 09:00:44,327: INFO: common: yaml file: schema.yaml loaded successfully]
[2024-10-23 09:00:44,329: INFO: common: created directory at: artifacts]
[2024-10-23 09:00:44,329: INFO: common: created directory at: artifacts/data_ingestion]
[2024-10-23 09:00:44,329: INFO: data_ingestion: File already exists]
[2024-10-23 09:00:44,332: INFO: main: >>>>>>>> Stage: Data Ingestion STAGE finished<<<<<

x======x]
[2024-10-23 09:00:44,332: INFO: main: >>>>>>>> Stage: Data Validation STAGE started<<<<<]
[2024-10-23 09:00:44,334: INFO: common: yaml file: config/config.yaml loaded successfully]
[2024-10-23 09:00:44,334: INFO: common: yaml file: params.yaml loaded successfully]
[2024-10-23 09:00:44,335: INFO: common: yaml file: schema.yaml loaded successfully]
[2024-10-23 09:00:44,335: INFO: common: created directory at: artifacts]
[2024-10-23 09:00:44,335: INFO: common: created directory at: artifacts/data_validation]
[2024-10-23 09:00:44,350: INFO: main: >>>>>>>> Stage: Data Validation STAGE finished<<<<<

x======x]
[2024-10-23 09:00:44,350: INFO: main: >>>>>>>> Stage: Data Transformation STAGE started<<<<<]
[2024-10-23 09:00:44,350: INFO: main: >>>>>>>> Stage: Data Transformation STAGE finished<<<<<

x======x]
[2024-10-23 09:01:16,957: INFO: main: >>>>>>>> Stage: Data Ingestion STAGE started<<<<<]
[2024-10-23 09:01:16,960: INFO: common: yaml file: config/config.yaml loaded successfully]
[2024-10-23 09:01:16,962: INFO: common: yaml file: params.yaml loaded successfully]
[2024-10-23 09:01:16,963: INFO: common: yaml file: schema.yaml loaded successfully]
[2024-10-23 09:01:16,964: INFO: common: created directory at: artifacts]
[2024-10-23 09:01:16,964: INFO: common: created directory at: artifacts/data_ingestion]
[2024-10-23 09:01:16,964: INFO: data_ingestion: File already exists]
[2024-10-23 09:01:16,965: INFO: main: >>>>>>>> Stage: Data Ingestion STAGE finished<<<<<

x======x]
[2024-10-23 09:01:16,966: INFO: main: >>>>>>>> Stage: Data Validation STAGE started<<<<<]
[2024-10-23 09:01:16,967: INFO: common: yaml file: config/config.yaml loaded successfully]
[2024-10-23 09:01:16,967: INFO: common: yaml file: params.yaml loaded successfully]
[2024-10-23 09:01:16,968: INFO: common: yaml file: schema.yaml loaded successfully]
[2024-10-23 09:01:16,969: INFO: common: created directory at: artifacts]
[2024-10-23 09:01:16,969: INFO: common: created directory at: artifacts/data_validation]
[2024-10-23 09:01:16,978: INFO: main: >>>>>>>> Stage: Data Validation STAGE finished<<<<<

x======x]
[2024-10-23 09:01:16,978: INFO: main: >>>>>>>> Stage: Data Transformation STAGE started<<<<<]
[2024-10-23 09:01:16,978: INFO: main: >>>>>>>> Stage: Data Transformation STAGE finished<<<<<

x======x]
[2024-10-23 09:07:01,777: INFO: main: >>>>>>>> Stage: Data Ingestion STAGE started<<<<<]
[2024-10-23 09:07:01,780: INFO: common: yaml file: config/config.yaml loaded successfully]
[2024-10-23 09:07:01,782: INFO: common: yaml file: params.yaml loaded successfully]
[2024-10-23 09:07:01,784: INFO: common: yaml file: schema.yaml loaded successfully]
[2024-10-23 09:07:01,784: INFO: common: created directory at: artifacts]
[2024-10-23 09:07:01,784: INFO: common: created directory at: artifacts/data_ingestion]
[2024-10-23 09:07:01,784: INFO: data_ingestion: File already exists]
[2024-10-23 09:07:01,786: INFO: main: >>>>>>>> Stage: Data Ingestion STAGE finished<<<<<

x======x]
[2024-10-23 09:07:01,786: INFO: main: >>>>>>>> Stage: Data Validation STAGE started<<<<<]
[2024-10-23 09:07:01,787: INFO: common: yaml file: config/config.yaml loaded successfully]
[2024-10-23 09:07:01,788: INFO: common: yaml file: params.yaml loaded successfully]
[2024-10-23 09:07:01,789: INFO: common: yaml file: schema.yaml loaded successfully]
[2024-10-23 09:07:01,789: INFO: common: created directory at: artifacts]
[2024-10-23 09:07:01,789: INFO: common: created directory at: artifacts/data_validation]
[2024-10-23 09:07:01,799: INFO: main: >>>>>>>> Stage: Data Validation STAGE finished<<<<<

x======x]
[2024-10-23 09:07:01,799: INFO: main: >>>>>>>> Stage: Data Transformation STAGE started<<<<<]
[2024-10-23 09:07:01,799: INFO: main: >>>>>>>> Stage: Data Transformation STAGE finished<<<<<

x======x]
[2024-10-23 09:08:22,773: INFO: main: >>>>>>>> Stage: Data Ingestion STAGE started<<<<<]
[2024-10-23 09:08:22,775: INFO: common: yaml file: config/config.yaml loaded successfully]
[2024-10-23 09:08:22,777: INFO: common: yaml file: params.yaml loaded successfully]
[2024-10-23 09:08:22,779: INFO: common: yaml file: schema.yaml loaded successfully]
[2024-10-23 09:08:22,779: INFO: common: created directory at: artifacts]
[2024-10-23 09:08:22,779: INFO: common: created directory at: artifacts/data_ingestion]
[2024-10-23 09:08:22,780: INFO: data_ingestion: File already exists]
[2024-10-23 09:08:22,781: INFO: main: >>>>>>>> Stage: Data Ingestion STAGE finished<<<<<

x======x]
[2024-10-23 09:08:22,781: INFO: main: >>>>>>>> Stage: Data Validation STAGE started<<<<<]
[2024-10-23 09:08:22,783: INFO: common: yaml file: config/config.yaml loaded successfully]
[2024-10-23 09:08:22,783: INFO: common: yaml file: params.yaml loaded successfully]
[2024-10-23 09:08:22,785: INFO: common: yaml file: schema.yaml loaded successfully]
[2024-10-23 09:08:22,785: INFO: common: created directory at: artifacts]
[2024-10-23 09:08:22,785: INFO: common: created directory at: artifacts/data_validation]
[2024-10-23 09:08:22,794: INFO: main: >>>>>>>> Stage: Data Validation STAGE finished<<<<<

x======x]
[2024-10-23 09:08:22,794: INFO: main: >>>>>>>> Stage: Data Transformation STAGE started<<<<<]
[2024-10-23 09:08:22,796: INFO: common: yaml file: config/config.yaml loaded successfully]
[2024-10-23 09:08:22,797: INFO: common: yaml file: params.yaml loaded successfully]
[2024-10-23 09:08:22,798: INFO: common: yaml file: schema.yaml loaded successfully]
[2024-10-23 09:08:22,798: INFO: common: created directory at: artifacts]
[2024-10-23 09:08:22,798: INFO: common: created directory at: artifacts/data_transformation]
[2024-10-23 09:08:22,825: INFO: data_transformation: Splited data into training and test sets]
[2024-10-23 09:08:22,826: INFO: data_transformation: (1199, 12)]
[2024-10-23 09:08:22,826: INFO: data_transformation: (400, 12)]
[2024-10-23 09:08:22,826: INFO: main: >>>>>>>> Stage: Data Transformation STAGE finished<<<<<

x======x]
